<?xml version="1.0" encoding="UTF-8"?>
<!-- Generated by org.testng.reporters.JUnitXMLReporter -->
<testsuite ignored="0" hostname="LAPTOP-QNA3O4MF" failures="0" tests="3" name="Default test" time="6.073" errors="0" timestamp="2025-07-25T13:26:50 IST">
  <testcase classname="testCases.GetByIdApi" name="testGenerateAuthToken" time="3.974"/>
  <testcase classname="testCases.GetByIdApi" name="testGetSessionId" time="0.655"/>
  <testcase classname="testCases.GetByIdApi" name="testFinalAPIUsingSessionId" time="0.819"/>
</testsuite> <!-- Default test -->
