<?xml version="1.0" encoding="UTF-8"?>
<!-- Generated by org.testng.reporters.JUnitXMLReporter -->
<testsuite ignored="0" hostname="LAPTOP-QNA3O4MF" failures="0" tests="3" name="Test" time="4.823" errors="0" timestamp="2025-07-25T13:59:27 IST">
  <testcase classname="testCases.GetByIdApi" name="testGenerateAuthToken" time="3.043"/>
  <testcase classname="testCases.GetByIdApi" name="testGetSessionId" time="0.647"/>
  <testcase classname="testCases.GetByIdApi" name="testFinalAPIUsingSessionId" time="0.378"/>
</testsuite> <!-- Test -->
