<?xml version="1.0" encoding="UTF-8"?>
<testng-results ignored="0" total="3" passed="3" failed="0" skipped="0">
  <reporter-output>
  </reporter-output>
  <suite started-at="2025-07-25T13:59:20 IST" name="Suite" finished-at="2025-07-25T13:59:25 IST" duration-ms="4823">
    <groups>
    </groups>
    <test started-at="2025-07-25T13:59:20 IST" name="Test" finished-at="2025-07-25T13:59:25 IST" duration-ms="4823">
      <class name="testCases.GetByIdApi">
        <test-method is-config="true" signature="setup()[pri:0, instance:testCases.GetByIdApi@3549bca9]" started-at="2025-07-25T13:59:20 IST" name="setup" finished-at="2025-07-25T13:59:21 IST" duration-ms="426" status="PASS">
          <reporter-output>
          </reporter-output>
        </test-method> <!-- setup -->
        <test-method signature="testGenerateAuthToken()[pri:1, instance:testCases.GetByIdApi@3549bca9]" started-at="2025-07-25T13:59:21 IST" name="testGenerateAuthToken" finished-at="2025-07-25T13:59:24 IST" duration-ms="3043" status="PASS">
          <reporter-output>
          </reporter-output>
        </test-method> <!-- testGenerateAuthToken -->
        <test-method signature="testGetSessionId()[pri:2, instance:testCases.GetByIdApi@3549bca9]" started-at="2025-07-25T13:59:24 IST" name="testGetSessionId" finished-at="2025-07-25T13:59:25 IST" depends-on-methods="testCases.GetByIdApi.testGenerateAuthToken" duration-ms="647" status="PASS">
          <reporter-output>
          </reporter-output>
        </test-method> <!-- testGetSessionId -->
        <test-method signature="testFinalAPIUsingSessionId()[pri:3, instance:testCases.GetByIdApi@3549bca9]" started-at="2025-07-25T13:59:25 IST" name="testFinalAPIUsingSessionId" finished-at="2025-07-25T13:59:25 IST" depends-on-methods="testCases.GetByIdApi.testGetSessionId" duration-ms="378" status="PASS">
          <reporter-output>
          </reporter-output>
        </test-method> <!-- testFinalAPIUsingSessionId -->
      </class> <!-- testCases.GetByIdApi -->
    </test> <!-- Test -->
  </suite> <!-- Suite -->
</testng-results>
